2026-05-09 21:41:01.3523||||Microsoft.Hosting.Lifetime|INFO|Application is shutting down... 
2026-05-09 21:41:14.7526|||14|Microsoft.Hosting.Lifetime|INFO|Now listening on: https://localhost:5001 
2026-05-09 21:41:14.7780|||14|Microsoft.Hosting.Lifetime|INFO|Now listening on: http://localhost:5000 
2026-05-09 21:41:14.7780||||Microsoft.Hosting.Lifetime|INFO|Application started. Press Ctrl+C to shut down. 
2026-05-09 21:41:14.7780||||Microsoft.Hosting.Lifetime|INFO|Hosting environment: Development 
2026-05-09 21:41:14.7780||||Microsoft.Hosting.Lifetime|INFO|Content root path: C:\Users\user\Desktop\SecureShopOC\SecureShop.Web 
2026-05-09 21:43:39.7093||||Microsoft.Hosting.Lifetime|INFO|Application is shutting down... 
2026-05-09 21:43:55.5231|||14|Microsoft.Hosting.Lifetime|INFO|Now listening on: https://localhost:5001 
2026-05-09 21:43:55.5493|||14|Microsoft.Hosting.Lifetime|INFO|Now listening on: http://localhost:5000 
2026-05-09 21:43:55.5493||||Microsoft.Hosting.Lifetime|INFO|Application started. Press Ctrl+C to shut down. 
2026-05-09 21:43:55.5493||||Microsoft.Hosting.Lifetime|INFO|Hosting environment: Development 
2026-05-09 21:43:55.5493||||Microsoft.Hosting.Lifetime|INFO|Content root path: C:\Users\user\Desktop\SecureShopOC\SecureShop.Web 
2026-05-09 21:56:40.3533||||Microsoft.Hosting.Lifetime|INFO|Application is shutting down... 
2026-05-09 21:56:53.1400|||14|Microsoft.Hosting.Lifetime|INFO|Now listening on: https://localhost:5001 
2026-05-09 21:56:53.1674|||14|Microsoft.Hosting.Lifetime|INFO|Now listening on: http://localhost:5000 
2026-05-09 21:56:53.1716||||Microsoft.Hosting.Lifetime|INFO|Application started. Press Ctrl+C to shut down. 
2026-05-09 21:56:53.1716||||Microsoft.Hosting.Lifetime|INFO|Hosting environment: Development 
2026-05-09 21:56:53.1716||||Microsoft.Hosting.Lifetime|INFO|Content root path: C:\Users\user\Desktop\SecureShopOC\SecureShop.Web 
2026-05-09 22:13:15.7998||||Microsoft.Hosting.Lifetime|INFO|Application is shutting down... 
2026-05-09 22:13:24.6220|||14|Microsoft.Hosting.Lifetime|INFO|Now listening on: https://localhost:5001 
2026-05-09 22:13:24.6459|||14|Microsoft.Hosting.Lifetime|INFO|Now listening on: http://localhost:5000 
2026-05-09 22:13:24.6459||||Microsoft.Hosting.Lifetime|INFO|Application started. Press Ctrl+C to shut down. 
2026-05-09 22:13:24.6459||||Microsoft.Hosting.Lifetime|INFO|Hosting environment: Development 
2026-05-09 22:13:24.6459||||Microsoft.Hosting.Lifetime|INFO|Content root path: C:\Users\user\Desktop\SecureShopOC\SecureShop.Web 
2026-05-09 22:17:00.3079||||Microsoft.Hosting.Lifetime|INFO|Application is shutting down... 
2026-05-09 22:17:13.0647|||14|Microsoft.Hosting.Lifetime|INFO|Now listening on: https://localhost:5001 
2026-05-09 22:17:13.0900|||14|Microsoft.Hosting.Lifetime|INFO|Now listening on: http://localhost:5000 
2026-05-09 22:17:13.0900||||Microsoft.Hosting.Lifetime|INFO|Application started. Press Ctrl+C to shut down. 
2026-05-09 22:17:13.0900||||Microsoft.Hosting.Lifetime|INFO|Hosting environment: Development 
2026-05-09 22:17:13.0900||||Microsoft.Hosting.Lifetime|INFO|Content root path: C:\Users\user\Desktop\SecureShopOC\SecureShop.Web 
2026-05-09 22:20:28.2021||||Microsoft.Hosting.Lifetime|INFO|Application is shutting down... 
2026-05-09 22:20:36.7464|||14|Microsoft.Hosting.Lifetime|INFO|Now listening on: https://localhost:5001 
2026-05-09 22:20:36.7762|||14|Microsoft.Hosting.Lifetime|INFO|Now listening on: http://localhost:5000 
2026-05-09 22:20:36.7802||||Microsoft.Hosting.Lifetime|INFO|Application started. Press Ctrl+C to shut down. 
2026-05-09 22:20:36.7802||||Microsoft.Hosting.Lifetime|INFO|Hosting environment: Development 
2026-05-09 22:20:36.7802||||Microsoft.Hosting.Lifetime|INFO|Content root path: C:\Users\user\Desktop\SecureShopOC\SecureShop.Web 
2026-05-09 22:24:43.4178||||Microsoft.Hosting.Lifetime|INFO|Application is shutting down... 
2026-05-09 22:24:51.4881|||14|Microsoft.Hosting.Lifetime|INFO|Now listening on: https://localhost:5001 
2026-05-09 22:24:51.5140|||14|Microsoft.Hosting.Lifetime|INFO|Now listening on: http://localhost:5000 
2026-05-09 22:24:51.5140||||Microsoft.Hosting.Lifetime|INFO|Application started. Press Ctrl+C to shut down. 
2026-05-09 22:24:51.5140||||Microsoft.Hosting.Lifetime|INFO|Hosting environment: Development 
2026-05-09 22:24:51.5140||||Microsoft.Hosting.Lifetime|INFO|Content root path: C:\Users\user\Desktop\SecureShopOC\SecureShop.Web 
2026-05-09 22:30:25.3474||||Microsoft.Hosting.Lifetime|INFO|Application is shutting down... 
2026-05-09 22:30:34.7357|||14|Microsoft.Hosting.Lifetime|INFO|Now listening on: https://localhost:5001 
2026-05-09 22:30:34.7676|||14|Microsoft.Hosting.Lifetime|INFO|Now listening on: http://localhost:5000 
2026-05-09 22:30:34.7676||||Microsoft.Hosting.Lifetime|INFO|Application started. Press Ctrl+C to shut down. 
2026-05-09 22:30:34.7676||||Microsoft.Hosting.Lifetime|INFO|Hosting environment: Development 
2026-05-09 22:30:34.7676||||Microsoft.Hosting.Lifetime|INFO|Content root path: C:\Users\user\Desktop\SecureShopOC\SecureShop.Web 
